<?xml version="1.0" encoding="UTF-8"?>
<!-- Generated by org.testng.reporters.JUnitXMLReporter -->
<testsuite hostname="MTNB225" ignored="0" name="Default test" tests="6" failures="0" timestamp="20 Mar 2018 15:24:45 GMT" time="41.097" errors="0">
  <testcase name="aboutUsLink" time="20.336" classname="Chrome.ValidateHomepageLink_TEST"/>
  <testcase name="ServiceSofDevLink" time="20.656" classname="Chrome.ValidateHomepageLink_TEST"/>
  <testcase name="ProductLink" time="0.006" classname="Chrome.ValidateHomepageLink_TEST"/>
  <testcase name="TestimonialLink" time="0.007" classname="Chrome.ValidateHomepageLink_TEST"/>
  <testcase name="BloglLink" time="0.003" classname="Chrome.ValidateHomepageLink_TEST"/>
  <testcase name="contactlLink" time="0.003" classname="Chrome.ValidateHomepageLink_TEST"/>
</testsuite> <!-- Default test -->
