<?xml version="1.0" encoding="UTF-8"?>
<!-- Generated by org.testng.reporters.JUnitXMLReporter -->
<testsuite hostname="MTPC410" ignored="0" name="Test" tests="14" failures="0" timestamp="22 Mar 2018 06:39:10 GMT" time="256.498" errors="0">
  <testcase name="MiningSoftwareMenu" time="4.788" classname="Chrome.ProductMenuTest_Chrome"/>
  <testcase name="CCLASMenu" time="5.553" classname="Chrome.ProductMenuTest_Chrome"/>
  <testcase name="CLASICMenu" time="8.757" classname="Chrome.ProductMenuTest_Chrome"/>
  <testcase name="ELLIPSEMenu" time="5.717" classname="Chrome.ProductMenuTest_Chrome"/>
  <testcase name="LINKONEMenu" time="7.783" classname="Chrome.ProductMenuTest_Chrome"/>
  <testcase name="MINEMARKETMenu" time="5.712" classname="Chrome.ProductMenuTest_Chrome"/>
  <testcase name="MINESCAPEMenu" time="4.968" classname="Chrome.ProductMenuTest_Chrome"/>
  <testcase name="SPRYSCHEDULERMenu" time="4.962" classname="Chrome.ProductMenuTest_Chrome"/>
  <testcase name="MCATMenu" time="5.766" classname="Chrome.ProductMenuTest_Chrome"/>
  <testcase name="MEDICALSOFTWAREMenu" time="11.296" classname="Chrome.ProductMenuTest_Chrome"/>
  <testcase name="HISMenu" time="4.895" classname="Chrome.ProductMenuTest_Chrome"/>
  <testcase name="PATIENTADMINSYSTEMMenu" time="5.952" classname="Chrome.ProductMenuTest_Chrome"/>
  <testcase name="FINANCEFORHOSPITALMenu" time="5.865" classname="Chrome.ProductMenuTest_Chrome"/>
  <testcase name="OCCUPATIONALHEALTHMenu" time="6.201" classname="Chrome.ProductMenuTest_Chrome"/>
</testsuite> <!-- Test -->
