<?xml version="1.0" encoding="UTF-8"?>
<testng-results skipped="0" failed="2" ignored="0" total="16" passed="14">
  <reporter-output>
  </reporter-output>
  <suite name="Default suite" duration-ms="695923" started-at="2018-03-21T07:23:34Z" finished-at="2018-03-21T07:35:10Z">
    <groups>
    </groups>
    <test name="Default test" duration-ms="695923" started-at="2018-03-21T07:23:34Z" finished-at="2018-03-21T07:35:10Z">
      <class name="Firefox.ServiceMenuTest_Firefox">
        <test-method status="PASS" signature="initiateDriver()[pri:0, instance:Firefox.ServiceMenuTest_Firefox@3532ec19]" name="initiateDriver" is-config="true" duration-ms="22822" started-at="2018-03-21T15:23:34Z" finished-at="2018-03-21T15:23:57Z">
          <reporter-output>
          </reporter-output>
        </test-method> <!-- initiateDriver -->
        <test-method status="PASS" signature="MicrosoftWindowsAppsMenu()[pri:1, instance:Firefox.ServiceMenuTest_Firefox@3532ec19]" name="MicrosoftWindowsAppsMenu" duration-ms="6253" started-at="2018-03-21T15:23:57Z" finished-at="2018-03-21T15:24:03Z">
          <reporter-output>
          </reporter-output>
        </test-method> <!-- MicrosoftWindowsAppsMenu -->
        <test-method status="PASS" signature="closeBrowser()[pri:0, instance:Firefox.ServiceMenuTest_Firefox@3532ec19]" name="closeBrowser" is-config="true" duration-ms="153" started-at="2018-03-21T15:24:03Z" finished-at="2018-03-21T15:24:03Z">
          <reporter-output>
          </reporter-output>
        </test-method> <!-- closeBrowser -->
        <test-method status="PASS" signature="initiateDriver()[pri:0, instance:Firefox.ServiceMenuTest_Firefox@3532ec19]" name="initiateDriver" is-config="true" duration-ms="22504" started-at="2018-03-21T15:24:03Z" finished-at="2018-03-21T15:24:26Z">
          <reporter-output>
          </reporter-output>
        </test-method> <!-- initiateDriver -->
        <test-method status="PASS" signature="MobileServicesMenu()[pri:2, instance:Firefox.ServiceMenuTest_Firefox@3532ec19]" name="MobileServicesMenu" duration-ms="4823" started-at="2018-03-21T15:24:26Z" finished-at="2018-03-21T15:24:30Z">
          <reporter-output>
          </reporter-output>
        </test-method> <!-- MobileServicesMenu -->
        <test-method status="PASS" signature="closeBrowser()[pri:0, instance:Firefox.ServiceMenuTest_Firefox@3532ec19]" name="closeBrowser" is-config="true" duration-ms="185" started-at="2018-03-21T15:24:30Z" finished-at="2018-03-21T15:24:31Z">
          <reporter-output>
          </reporter-output>
        </test-method> <!-- closeBrowser -->
        <test-method status="PASS" signature="initiateDriver()[pri:0, instance:Firefox.ServiceMenuTest_Firefox@3532ec19]" name="initiateDriver" is-config="true" duration-ms="15665" started-at="2018-03-21T15:24:31Z" finished-at="2018-03-21T15:24:46Z">
          <reporter-output>
          </reporter-output>
        </test-method> <!-- initiateDriver -->
        <test-method status="PASS" signature="JavaTechnologiesMenu()[pri:3, instance:Firefox.ServiceMenuTest_Firefox@3532ec19]" name="JavaTechnologiesMenu" duration-ms="4772" started-at="2018-03-21T15:24:46Z" finished-at="2018-03-21T15:24:51Z">
          <reporter-output>
          </reporter-output>
        </test-method> <!-- JavaTechnologiesMenu -->
        <test-method status="PASS" signature="closeBrowser()[pri:0, instance:Firefox.ServiceMenuTest_Firefox@3532ec19]" name="closeBrowser" is-config="true" duration-ms="147" started-at="2018-03-21T15:24:51Z" finished-at="2018-03-21T15:24:51Z">
          <reporter-output>
          </reporter-output>
        </test-method> <!-- closeBrowser -->
        <test-method status="PASS" signature="initiateDriver()[pri:0, instance:Firefox.ServiceMenuTest_Firefox@3532ec19]" name="initiateDriver" is-config="true" duration-ms="224654" started-at="2018-03-21T15:24:51Z" finished-at="2018-03-21T15:28:36Z">
          <reporter-output>
          </reporter-output>
        </test-method> <!-- initiateDriver -->
        <test-method status="PASS" signature="BusinessIntelegenceMenu()[pri:4, instance:Firefox.ServiceMenuTest_Firefox@3532ec19]" name="BusinessIntelegenceMenu" duration-ms="19154" started-at="2018-03-21T15:28:36Z" finished-at="2018-03-21T15:28:55Z">
          <reporter-output>
          </reporter-output>
        </test-method> <!-- BusinessIntelegenceMenu -->
        <test-method status="PASS" signature="closeBrowser()[pri:0, instance:Firefox.ServiceMenuTest_Firefox@3532ec19]" name="closeBrowser" is-config="true" duration-ms="121" started-at="2018-03-21T15:28:55Z" finished-at="2018-03-21T15:28:55Z">
          <reporter-output>
          </reporter-output>
        </test-method> <!-- closeBrowser -->
        <test-method status="PASS" signature="initiateDriver()[pri:0, instance:Firefox.ServiceMenuTest_Firefox@3532ec19]" name="initiateDriver" is-config="true" duration-ms="16059" started-at="2018-03-21T15:28:55Z" finished-at="2018-03-21T15:29:11Z">
          <reporter-output>
          </reporter-output>
        </test-method> <!-- initiateDriver -->
        <test-method status="FAIL" signature="WebFrontEndMenu()[pri:5, instance:Firefox.ServiceMenuTest_Firefox@3532ec19]" name="WebFrontEndMenu" duration-ms="62409" started-at="2018-03-21T15:29:11Z" finished-at="2018-03-21T15:30:14Z">
          <exception class="org.openqa.selenium.NoSuchElementException">
            <message>
              <![CDATA[Unable to locate element: /html/body/div[3]/header/div[2]/div/div/h1
For documentation on this error, please visit: http://seleniumhq.org/exceptions/no_such_element.html
Build info: version: '3.4.0', revision: 'unknown', time: 'unknown'
System info: host: 'MTPC410', ip: '169.254.232.163', os.name: 'Windows 10', os.arch: 'amd64', os.version: '10.0', java.version: '1.8.0_151'
Driver info: org.openqa.selenium.firefox.FirefoxDriver
Capabilities [{moz:profile=C:\Users\dewak\AppData\Local\Temp\rust_mozprofile.uXAQGhS88A8n, rotatable=false, timeouts={implicit=0.0, pageLoad=300000.0, script=30000.0}, pageLoadStrategy=normal, moz:headless=false, platform=ANY, moz:accessibilityChecks=false, moz:useNonSpecCompliantPointerOrigin=false, acceptInsecureCerts=false, browserVersion=59.0.1, platformVersion=10.0, moz:processID=12316.0, browserName=firefox, javascriptEnabled=true, platformName=windows_nt, moz:webdriverClick=true}]
Session ID: e245fa57-fdfe-44e9-ab6d-eb0fbe1e19ef
*** Element info: {Using=xpath, value=/html/body/div[3]/header/div[2]/div/div/h1}]]>
            </message>
            <full-stacktrace>
              <![CDATA[org.openqa.selenium.NoSuchElementException: Unable to locate element: /html/body/div[3]/header/div[2]/div/div/h1
For documentation on this error, please visit: http://seleniumhq.org/exceptions/no_such_element.html
Build info: version: '3.4.0', revision: 'unknown', time: 'unknown'
System info: host: 'MTPC410', ip: '169.254.232.163', os.name: 'Windows 10', os.arch: 'amd64', os.version: '10.0', java.version: '1.8.0_151'
Driver info: org.openqa.selenium.firefox.FirefoxDriver
Capabilities [{moz:profile=C:\Users\dewak\AppData\Local\Temp\rust_mozprofile.uXAQGhS88A8n, rotatable=false, timeouts={implicit=0.0, pageLoad=300000.0, script=30000.0}, pageLoadStrategy=normal, moz:headless=false, platform=ANY, moz:accessibilityChecks=false, moz:useNonSpecCompliantPointerOrigin=false, acceptInsecureCerts=false, browserVersion=59.0.1, platformVersion=10.0, moz:processID=12316.0, browserName=firefox, javascriptEnabled=true, platformName=windows_nt, moz:webdriverClick=true}]
Session ID: e245fa57-fdfe-44e9-ab6d-eb0fbe1e19ef
*** Element info: {Using=xpath, value=/html/body/div[3]/header/div[2]/div/div/h1}
	at sun.reflect.NativeConstructorAccessorImpl.newInstance0(Native Method)
	at sun.reflect.NativeConstructorAccessorImpl.newInstance(Unknown Source)
	at sun.reflect.DelegatingConstructorAccessorImpl.newInstance(Unknown Source)
	at java.lang.reflect.Constructor.newInstance(Unknown Source)
	at org.openqa.selenium.remote.http.W3CHttpResponseCodec.createException(W3CHttpResponseCodec.java:150)
	at org.openqa.selenium.remote.http.W3CHttpResponseCodec.decode(W3CHttpResponseCodec.java:115)
	at org.openqa.selenium.remote.http.W3CHttpResponseCodec.decode(W3CHttpResponseCodec.java:45)
	at org.openqa.selenium.remote.HttpCommandExecutor.execute(HttpCommandExecutor.java:164)
	at org.openqa.selenium.remote.service.DriverCommandExecutor.execute(DriverCommandExecutor.java:82)
	at org.openqa.selenium.remote.RemoteWebDriver.execute(RemoteWebDriver.java:637)
	at org.openqa.selenium.remote.RemoteWebDriver.findElement(RemoteWebDriver.java:410)
	at org.openqa.selenium.remote.RemoteWebDriver.findElementByXPath(RemoteWebDriver.java:509)
	at org.openqa.selenium.By$ByXPath.findElement(By.java:361)
	at org.openqa.selenium.remote.RemoteWebDriver.findElement(RemoteWebDriver.java:402)
	at com.stagingm.com.stagingm.test.ServiceMenu_PO.ASSERTwebFrontEnd(ServiceMenu_PO.java:120)
	at Firefox.ServiceMenuTest_Firefox.WebFrontEndMenu(ServiceMenuTest_Firefox.java:75)
	at sun.reflect.NativeMethodAccessorImpl.invoke0(Native Method)
	at sun.reflect.NativeMethodAccessorImpl.invoke(Unknown Source)
	at sun.reflect.DelegatingMethodAccessorImpl.invoke(Unknown Source)
	at java.lang.reflect.Method.invoke(Unknown Source)
	at org.testng.internal.MethodInvocationHelper.invokeMethod(MethodInvocationHelper.java:104)
	at org.testng.internal.Invoker.invokeMethod(Invoker.java:645)
	at org.testng.internal.Invoker.invokeTestMethod(Invoker.java:851)
	at org.testng.internal.Invoker.invokeTestMethods(Invoker.java:1177)
	at org.testng.internal.TestMethodWorker.invokeTestMethods(TestMethodWorker.java:129)
	at org.testng.internal.TestMethodWorker.run(TestMethodWorker.java:112)
	at org.testng.TestRunner.privateRun(TestRunner.java:756)
	at org.testng.TestRunner.run(TestRunner.java:610)
	at org.testng.SuiteRunner.runTest(SuiteRunner.java:387)
	at org.testng.SuiteRunner.runSequentially(SuiteRunner.java:382)
	at org.testng.SuiteRunner.privateRun(SuiteRunner.java:340)
	at org.testng.SuiteRunner.run(SuiteRunner.java:289)
	at org.testng.SuiteRunnerWorker.runSuite(SuiteRunnerWorker.java:52)
	at org.testng.SuiteRunnerWorker.run(SuiteRunnerWorker.java:86)
	at org.testng.TestNG.runSuitesSequentially(TestNG.java:1293)
	at org.testng.TestNG.runSuitesLocally(TestNG.java:1218)
	at org.testng.TestNG.runSuites(TestNG.java:1133)
	at org.testng.TestNG.run(TestNG.java:1104)
	at org.testng.remote.AbstractRemoteTestNG.run(AbstractRemoteTestNG.java:132)
	at org.testng.remote.RemoteTestNG.initAndRun(RemoteTestNG.java:230)
	at org.testng.remote.RemoteTestNG.main(RemoteTestNG.java:76)
]]>
            </full-stacktrace>
          </exception> <!-- org.openqa.selenium.NoSuchElementException -->
          <reporter-output>
          </reporter-output>
        </test-method> <!-- WebFrontEndMenu -->
        <test-method status="PASS" signature="closeBrowser()[pri:0, instance:Firefox.ServiceMenuTest_Firefox@3532ec19]" name="closeBrowser" is-config="true" duration-ms="163" started-at="2018-03-21T15:30:14Z" finished-at="2018-03-21T15:30:14Z">
          <reporter-output>
          </reporter-output>
        </test-method> <!-- closeBrowser -->
        <test-method status="PASS" signature="initiateDriver()[pri:0, instance:Firefox.ServiceMenuTest_Firefox@3532ec19]" name="initiateDriver" is-config="true" duration-ms="14316" started-at="2018-03-21T15:30:14Z" finished-at="2018-03-21T15:30:28Z">
          <reporter-output>
          </reporter-output>
        </test-method> <!-- initiateDriver -->
        <test-method status="PASS" signature="SoftwareDesignToolsMenu()[pri:6, instance:Firefox.ServiceMenuTest_Firefox@3532ec19]" name="SoftwareDesignToolsMenu" duration-ms="4472" started-at="2018-03-21T15:30:28Z" finished-at="2018-03-21T15:30:33Z">
          <reporter-output>
          </reporter-output>
        </test-method> <!-- SoftwareDesignToolsMenu -->
        <test-method status="PASS" signature="closeBrowser()[pri:0, instance:Firefox.ServiceMenuTest_Firefox@3532ec19]" name="closeBrowser" is-config="true" duration-ms="217" started-at="2018-03-21T15:30:33Z" finished-at="2018-03-21T15:30:33Z">
          <reporter-output>
          </reporter-output>
        </test-method> <!-- closeBrowser -->
        <test-method status="PASS" signature="initiateDriver()[pri:0, instance:Firefox.ServiceMenuTest_Firefox@3532ec19]" name="initiateDriver" is-config="true" duration-ms="15567" started-at="2018-03-21T15:30:33Z" finished-at="2018-03-21T15:30:48Z">
          <reporter-output>
          </reporter-output>
        </test-method> <!-- initiateDriver -->
        <test-method status="PASS" signature="RubyOnRailsDevelopmentMenu()[pri:7, instance:Firefox.ServiceMenuTest_Firefox@3532ec19]" name="RubyOnRailsDevelopmentMenu" duration-ms="5030" started-at="2018-03-21T15:30:48Z" finished-at="2018-03-21T15:30:53Z">
          <reporter-output>
          </reporter-output>
        </test-method> <!-- RubyOnRailsDevelopmentMenu -->
        <test-method status="PASS" signature="closeBrowser()[pri:0, instance:Firefox.ServiceMenuTest_Firefox@3532ec19]" name="closeBrowser" is-config="true" duration-ms="185" started-at="2018-03-21T15:30:53Z" finished-at="2018-03-21T15:30:54Z">
          <reporter-output>
          </reporter-output>
        </test-method> <!-- closeBrowser -->
        <test-method status="PASS" signature="initiateDriver()[pri:0, instance:Firefox.ServiceMenuTest_Firefox@3532ec19]" name="initiateDriver" is-config="true" duration-ms="14794" started-at="2018-03-21T15:30:54Z" finished-at="2018-03-21T15:31:08Z">
          <reporter-output>
          </reporter-output>
        </test-method> <!-- initiateDriver -->
        <test-method status="PASS" signature="UserInteractionDesignMenu()[pri:8, instance:Firefox.ServiceMenuTest_Firefox@3532ec19]" name="UserInteractionDesignMenu" duration-ms="4689" started-at="2018-03-21T15:31:08Z" finished-at="2018-03-21T15:31:13Z">
          <reporter-output>
          </reporter-output>
        </test-method> <!-- UserInteractionDesignMenu -->
        <test-method status="PASS" signature="closeBrowser()[pri:0, instance:Firefox.ServiceMenuTest_Firefox@3532ec19]" name="closeBrowser" is-config="true" duration-ms="185" started-at="2018-03-21T15:31:13Z" finished-at="2018-03-21T15:31:13Z">
          <reporter-output>
          </reporter-output>
        </test-method> <!-- closeBrowser -->
        <test-method status="PASS" signature="initiateDriver()[pri:0, instance:Firefox.ServiceMenuTest_Firefox@3532ec19]" name="initiateDriver" is-config="true" duration-ms="20103" started-at="2018-03-21T15:31:13Z" finished-at="2018-03-21T15:31:33Z">
          <reporter-output>
          </reporter-output>
        </test-method> <!-- initiateDriver -->
        <test-method status="PASS" signature="WebSolutionMenu()[pri:9, instance:Firefox.ServiceMenuTest_Firefox@3532ec19]" name="WebSolutionMenu" duration-ms="4775" started-at="2018-03-21T15:31:33Z" finished-at="2018-03-21T15:31:38Z">
          <reporter-output>
          </reporter-output>
        </test-method> <!-- WebSolutionMenu -->
        <test-method status="PASS" signature="closeBrowser()[pri:0, instance:Firefox.ServiceMenuTest_Firefox@3532ec19]" name="closeBrowser" is-config="true" duration-ms="147" started-at="2018-03-21T15:31:38Z" finished-at="2018-03-21T15:31:38Z">
          <reporter-output>
          </reporter-output>
        </test-method> <!-- closeBrowser -->
        <test-method status="PASS" signature="initiateDriver()[pri:0, instance:Firefox.ServiceMenuTest_Firefox@3532ec19]" name="initiateDriver" is-config="true" duration-ms="14945" started-at="2018-03-21T15:31:38Z" finished-at="2018-03-21T15:31:53Z">
          <reporter-output>
          </reporter-output>
        </test-method> <!-- initiateDriver -->
        <test-method status="FAIL" signature="EllipseMenu()[pri:10, instance:Firefox.ServiceMenuTest_Firefox@3532ec19]" name="EllipseMenu" duration-ms="62395" started-at="2018-03-21T15:31:53Z" finished-at="2018-03-21T15:32:56Z">
          <exception class="org.openqa.selenium.NoSuchElementException">
            <message>
              <![CDATA[Unable to locate element: /html/body/div[3]/header/div[2]/div/div/h1
For documentation on this error, please visit: http://seleniumhq.org/exceptions/no_such_element.html
Build info: version: '3.4.0', revision: 'unknown', time: 'unknown'
System info: host: 'MTPC410', ip: '169.254.232.163', os.name: 'Windows 10', os.arch: 'amd64', os.version: '10.0', java.version: '1.8.0_151'
Driver info: org.openqa.selenium.firefox.FirefoxDriver
Capabilities [{moz:profile=C:\Users\dewak\AppData\Local\Temp\rust_mozprofile.6mtgPkhBH6A6, rotatable=false, timeouts={implicit=0.0, pageLoad=300000.0, script=30000.0}, pageLoadStrategy=normal, moz:headless=false, platform=ANY, moz:accessibilityChecks=false, moz:useNonSpecCompliantPointerOrigin=false, acceptInsecureCerts=false, browserVersion=59.0.1, platformVersion=10.0, moz:processID=8080.0, browserName=firefox, javascriptEnabled=true, platformName=windows_nt, moz:webdriverClick=true}]
Session ID: 41fcee2c-98c2-4f1b-9801-8b8017432058
*** Element info: {Using=xpath, value=/html/body/div[3]/header/div[2]/div/div/h1}]]>
            </message>
            <full-stacktrace>
              <![CDATA[org.openqa.selenium.NoSuchElementException: Unable to locate element: /html/body/div[3]/header/div[2]/div/div/h1
For documentation on this error, please visit: http://seleniumhq.org/exceptions/no_such_element.html
Build info: version: '3.4.0', revision: 'unknown', time: 'unknown'
System info: host: 'MTPC410', ip: '169.254.232.163', os.name: 'Windows 10', os.arch: 'amd64', os.version: '10.0', java.version: '1.8.0_151'
Driver info: org.openqa.selenium.firefox.FirefoxDriver
Capabilities [{moz:profile=C:\Users\dewak\AppData\Local\Temp\rust_mozprofile.6mtgPkhBH6A6, rotatable=false, timeouts={implicit=0.0, pageLoad=300000.0, script=30000.0}, pageLoadStrategy=normal, moz:headless=false, platform=ANY, moz:accessibilityChecks=false, moz:useNonSpecCompliantPointerOrigin=false, acceptInsecureCerts=false, browserVersion=59.0.1, platformVersion=10.0, moz:processID=8080.0, browserName=firefox, javascriptEnabled=true, platformName=windows_nt, moz:webdriverClick=true}]
Session ID: 41fcee2c-98c2-4f1b-9801-8b8017432058
*** Element info: {Using=xpath, value=/html/body/div[3]/header/div[2]/div/div/h1}
	at sun.reflect.NativeConstructorAccessorImpl.newInstance0(Native Method)
	at sun.reflect.NativeConstructorAccessorImpl.newInstance(Unknown Source)
	at sun.reflect.DelegatingConstructorAccessorImpl.newInstance(Unknown Source)
	at java.lang.reflect.Constructor.newInstance(Unknown Source)
	at org.openqa.selenium.remote.http.W3CHttpResponseCodec.createException(W3CHttpResponseCodec.java:150)
	at org.openqa.selenium.remote.http.W3CHttpResponseCodec.decode(W3CHttpResponseCodec.java:115)
	at org.openqa.selenium.remote.http.W3CHttpResponseCodec.decode(W3CHttpResponseCodec.java:45)
	at org.openqa.selenium.remote.HttpCommandExecutor.execute(HttpCommandExecutor.java:164)
	at org.openqa.selenium.remote.service.DriverCommandExecutor.execute(DriverCommandExecutor.java:82)
	at org.openqa.selenium.remote.RemoteWebDriver.execute(RemoteWebDriver.java:637)
	at org.openqa.selenium.remote.RemoteWebDriver.findElement(RemoteWebDriver.java:410)
	at org.openqa.selenium.remote.RemoteWebDriver.findElementByXPath(RemoteWebDriver.java:509)
	at org.openqa.selenium.By$ByXPath.findElement(By.java:361)
	at org.openqa.selenium.remote.RemoteWebDriver.findElement(RemoteWebDriver.java:402)
	at com.stagingm.com.stagingm.test.ServiceMenu_PO.ASSERTellipse(ServiceMenu_PO.java:185)
	at Firefox.ServiceMenuTest_Firefox.EllipseMenu(ServiceMenuTest_Firefox.java:120)
	at sun.reflect.NativeMethodAccessorImpl.invoke0(Native Method)
	at sun.reflect.NativeMethodAccessorImpl.invoke(Unknown Source)
	at sun.reflect.DelegatingMethodAccessorImpl.invoke(Unknown Source)
	at java.lang.reflect.Method.invoke(Unknown Source)
	at org.testng.internal.MethodInvocationHelper.invokeMethod(MethodInvocationHelper.java:104)
	at org.testng.internal.Invoker.invokeMethod(Invoker.java:645)
	at org.testng.internal.Invoker.invokeTestMethod(Invoker.java:851)
	at org.testng.internal.Invoker.invokeTestMethods(Invoker.java:1177)
	at org.testng.internal.TestMethodWorker.invokeTestMethods(TestMethodWorker.java:129)
	at org.testng.internal.TestMethodWorker.run(TestMethodWorker.java:112)
	at org.testng.TestRunner.privateRun(TestRunner.java:756)
	at org.testng.TestRunner.run(TestRunner.java:610)
	at org.testng.SuiteRunner.runTest(SuiteRunner.java:387)
	at org.testng.SuiteRunner.runSequentially(SuiteRunner.java:382)
	at org.testng.SuiteRunner.privateRun(SuiteRunner.java:340)
	at org.testng.SuiteRunner.run(SuiteRunner.java:289)
	at org.testng.SuiteRunnerWorker.runSuite(SuiteRunnerWorker.java:52)
	at org.testng.SuiteRunnerWorker.run(SuiteRunnerWorker.java:86)
	at org.testng.TestNG.runSuitesSequentially(TestNG.java:1293)
	at org.testng.TestNG.runSuitesLocally(TestNG.java:1218)
	at org.testng.TestNG.runSuites(TestNG.java:1133)
	at org.testng.TestNG.run(TestNG.java:1104)
	at org.testng.remote.AbstractRemoteTestNG.run(AbstractRemoteTestNG.java:132)
	at org.testng.remote.RemoteTestNG.initAndRun(RemoteTestNG.java:230)
	at org.testng.remote.RemoteTestNG.main(RemoteTestNG.java:76)
]]>
            </full-stacktrace>
          </exception> <!-- org.openqa.selenium.NoSuchElementException -->
          <reporter-output>
          </reporter-output>
        </test-method> <!-- EllipseMenu -->
        <test-method status="PASS" signature="closeBrowser()[pri:0, instance:Firefox.ServiceMenuTest_Firefox@3532ec19]" name="closeBrowser" is-config="true" duration-ms="163" started-at="2018-03-21T15:32:56Z" finished-at="2018-03-21T15:32:56Z">
          <reporter-output>
          </reporter-output>
        </test-method> <!-- closeBrowser -->
        <test-method status="PASS" signature="initiateDriver()[pri:0, instance:Firefox.ServiceMenuTest_Firefox@3532ec19]" name="initiateDriver" is-config="true" duration-ms="17223" started-at="2018-03-21T15:32:56Z" finished-at="2018-03-21T15:33:13Z">
          <reporter-output>
          </reporter-output>
        </test-method> <!-- initiateDriver -->
        <test-method status="PASS" signature="EnterpriseIntegrationMenu()[pri:11, instance:Firefox.ServiceMenuTest_Firefox@3532ec19]" name="EnterpriseIntegrationMenu" duration-ms="5826" started-at="2018-03-21T15:33:13Z" finished-at="2018-03-21T15:33:19Z">
          <reporter-output>
          </reporter-output>
        </test-method> <!-- EnterpriseIntegrationMenu -->
        <test-method status="PASS" signature="closeBrowser()[pri:0, instance:Firefox.ServiceMenuTest_Firefox@3532ec19]" name="closeBrowser" is-config="true" duration-ms="200" started-at="2018-03-21T15:33:19Z" finished-at="2018-03-21T15:33:19Z">
          <reporter-output>
          </reporter-output>
        </test-method> <!-- closeBrowser -->
        <test-method status="PASS" signature="initiateDriver()[pri:0, instance:Firefox.ServiceMenuTest_Firefox@3532ec19]" name="initiateDriver" is-config="true" duration-ms="14438" started-at="2018-03-21T15:33:19Z" finished-at="2018-03-21T15:33:33Z">
          <reporter-output>
          </reporter-output>
        </test-method> <!-- initiateDriver -->
        <test-method status="PASS" signature="SoftwareQualityAndTestingMenu()[pri:12, instance:Firefox.ServiceMenuTest_Firefox@3532ec19]" name="SoftwareQualityAndTestingMenu" duration-ms="4905" started-at="2018-03-21T15:33:33Z" finished-at="2018-03-21T15:33:38Z">
          <reporter-output>
          </reporter-output>
        </test-method> <!-- SoftwareQualityAndTestingMenu -->
        <test-method status="PASS" signature="closeBrowser()[pri:0, instance:Firefox.ServiceMenuTest_Firefox@3532ec19]" name="closeBrowser" is-config="true" duration-ms="269" started-at="2018-03-21T15:33:38Z" finished-at="2018-03-21T15:33:39Z">
          <reporter-output>
          </reporter-output>
        </test-method> <!-- closeBrowser -->
        <test-method status="PASS" signature="initiateDriver()[pri:0, instance:Firefox.ServiceMenuTest_Firefox@3532ec19]" name="initiateDriver" is-config="true" duration-ms="15220" started-at="2018-03-21T15:33:39Z" finished-at="2018-03-21T15:33:54Z">
          <reporter-output>
          </reporter-output>
        </test-method> <!-- initiateDriver -->
        <test-method status="PASS" signature="PHPDevelopmentMenu()[pri:13, instance:Firefox.ServiceMenuTest_Firefox@3532ec19]" name="PHPDevelopmentMenu" duration-ms="6772" started-at="2018-03-21T15:33:54Z" finished-at="2018-03-21T15:34:01Z">
          <reporter-output>
          </reporter-output>
        </test-method> <!-- PHPDevelopmentMenu -->
        <test-method status="PASS" signature="closeBrowser()[pri:0, instance:Firefox.ServiceMenuTest_Firefox@3532ec19]" name="closeBrowser" is-config="true" duration-ms="191" started-at="2018-03-21T15:34:01Z" finished-at="2018-03-21T15:34:01Z">
          <reporter-output>
          </reporter-output>
        </test-method> <!-- closeBrowser -->
        <test-method status="PASS" signature="initiateDriver()[pri:0, instance:Firefox.ServiceMenuTest_Firefox@3532ec19]" name="initiateDriver" is-config="true" duration-ms="24697" started-at="2018-03-21T15:34:01Z" finished-at="2018-03-21T15:34:26Z">
          <reporter-output>
          </reporter-output>
        </test-method> <!-- initiateDriver -->
        <test-method status="PASS" signature="JavascriptDevelopmentMenu()[pri:14, instance:Firefox.ServiceMenuTest_Firefox@3532ec19]" name="JavascriptDevelopmentMenu" duration-ms="5017" started-at="2018-03-21T15:34:26Z" finished-at="2018-03-21T15:34:31Z">
          <reporter-output>
          </reporter-output>
        </test-method> <!-- JavascriptDevelopmentMenu -->
        <test-method status="PASS" signature="closeBrowser()[pri:0, instance:Firefox.ServiceMenuTest_Firefox@3532ec19]" name="closeBrowser" is-config="true" duration-ms="147" started-at="2018-03-21T15:34:31Z" finished-at="2018-03-21T15:34:31Z">
          <reporter-output>
          </reporter-output>
        </test-method> <!-- closeBrowser -->
        <test-method status="PASS" signature="initiateDriver()[pri:0, instance:Firefox.ServiceMenuTest_Firefox@3532ec19]" name="initiateDriver" is-config="true" duration-ms="14429" started-at="2018-03-21T15:34:31Z" finished-at="2018-03-21T15:34:45Z">
          <reporter-output>
          </reporter-output>
        </test-method> <!-- initiateDriver -->
        <test-method status="PASS" signature="ManagedServiceMenu()[pri:15, instance:Firefox.ServiceMenuTest_Firefox@3532ec19]" name="ManagedServiceMenu" duration-ms="4690" started-at="2018-03-21T15:34:45Z" finished-at="2018-03-21T15:34:50Z">
          <reporter-output>
          </reporter-output>
        </test-method> <!-- ManagedServiceMenu -->
        <test-method status="PASS" signature="closeBrowser()[pri:0, instance:Firefox.ServiceMenuTest_Firefox@3532ec19]" name="closeBrowser" is-config="true" duration-ms="138" started-at="2018-03-21T15:34:50Z" finished-at="2018-03-21T15:34:50Z">
          <reporter-output>
          </reporter-output>
        </test-method> <!-- closeBrowser -->
        <test-method status="PASS" signature="initiateDriver()[pri:0, instance:Firefox.ServiceMenuTest_Firefox@3532ec19]" name="initiateDriver" is-config="true" duration-ms="14586" started-at="2018-03-21T15:34:50Z" finished-at="2018-03-21T15:35:05Z">
          <reporter-output>
          </reporter-output>
        </test-method> <!-- initiateDriver -->
        <test-method status="PASS" signature="LowCodeDevelopmentMenu()[pri:16, instance:Firefox.ServiceMenuTest_Firefox@3532ec19]" name="LowCodeDevelopmentMenu" duration-ms="5089" started-at="2018-03-21T15:35:05Z" finished-at="2018-03-21T15:35:10Z">
          <reporter-output>
          </reporter-output>
        </test-method> <!-- LowCodeDevelopmentMenu -->
        <test-method status="PASS" signature="closeBrowser()[pri:0, instance:Firefox.ServiceMenuTest_Firefox@3532ec19]" name="closeBrowser" is-config="true" duration-ms="154" started-at="2018-03-21T15:35:10Z" finished-at="2018-03-21T15:35:10Z">
          <reporter-output>
          </reporter-output>
        </test-method> <!-- closeBrowser -->
      </class> <!-- Firefox.ServiceMenuTest_Firefox -->
    </test> <!-- Default test -->
  </suite> <!-- Default suite -->
</testng-results>
