<?xml version="1.0" encoding="UTF-8"?>
<testng-results skipped="0" failed="0" ignored="0" total="6" passed="6">
  <reporter-output>
  </reporter-output>
  <suite name="Default suite" duration-ms="41097" started-at="2018-03-20T15:24:03Z" finished-at="2018-03-20T15:24:45Z">
    <groups>
    </groups>
    <test name="Default test" duration-ms="41097" started-at="2018-03-20T15:24:03Z" finished-at="2018-03-20T15:24:45Z">
      <class name="Chrome.ValidateHomepageLink_TEST">
        <test-method status="PASS" signature="intiateDriver()[pri:0, instance:Chrome.ValidateHomepageLink_TEST@3ffc5af1]" name="intiateDriver" is-config="true" duration-ms="18" started-at="2018-03-20T23:24:04Z" finished-at="2018-03-20T23:24:04Z">
          <reporter-output>
          </reporter-output>
        </test-method> <!-- intiateDriver -->
        <test-method status="PASS" signature="aboutUsLink()[pri:1, instance:Chrome.ValidateHomepageLink_TEST@3ffc5af1]" name="aboutUsLink" duration-ms="20336" started-at="2018-03-20T23:24:04Z" finished-at="2018-03-20T23:24:24Z">
          <reporter-output>
          </reporter-output>
        </test-method> <!-- aboutUsLink -->
        <test-method status="PASS" signature="intiateDriver()[pri:0, instance:Chrome.ValidateHomepageLink_TEST@3ffc5af1]" name="intiateDriver" is-config="true" duration-ms="1" started-at="2018-03-20T23:24:24Z" finished-at="2018-03-20T23:24:24Z">
          <reporter-output>
          </reporter-output>
        </test-method> <!-- intiateDriver -->
        <test-method status="PASS" signature="ServiceSofDevLink()[pri:2, instance:Chrome.ValidateHomepageLink_TEST@3ffc5af1]" name="ServiceSofDevLink" duration-ms="20656" started-at="2018-03-20T23:24:24Z" finished-at="2018-03-20T23:24:45Z">
          <reporter-output>
          </reporter-output>
        </test-method> <!-- ServiceSofDevLink -->
        <test-method status="PASS" signature="intiateDriver()[pri:0, instance:Chrome.ValidateHomepageLink_TEST@3ffc5af1]" name="intiateDriver" is-config="true" duration-ms="1" started-at="2018-03-20T23:24:45Z" finished-at="2018-03-20T23:24:45Z">
          <reporter-output>
          </reporter-output>
        </test-method> <!-- intiateDriver -->
        <test-method status="PASS" signature="ProductLink()[pri:3, instance:Chrome.ValidateHomepageLink_TEST@3ffc5af1]" name="ProductLink" duration-ms="6" started-at="2018-03-20T23:24:45Z" finished-at="2018-03-20T23:24:45Z">
          <reporter-output>
          </reporter-output>
        </test-method> <!-- ProductLink -->
        <test-method status="PASS" signature="intiateDriver()[pri:0, instance:Chrome.ValidateHomepageLink_TEST@3ffc5af1]" name="intiateDriver" is-config="true" duration-ms="0" started-at="2018-03-20T23:24:45Z" finished-at="2018-03-20T23:24:45Z">
          <reporter-output>
          </reporter-output>
        </test-method> <!-- intiateDriver -->
        <test-method status="PASS" signature="TestimonialLink()[pri:4, instance:Chrome.ValidateHomepageLink_TEST@3ffc5af1]" name="TestimonialLink" duration-ms="7" started-at="2018-03-20T23:24:45Z" finished-at="2018-03-20T23:24:45Z">
          <reporter-output>
          </reporter-output>
        </test-method> <!-- TestimonialLink -->
        <test-method status="PASS" signature="intiateDriver()[pri:0, instance:Chrome.ValidateHomepageLink_TEST@3ffc5af1]" name="intiateDriver" is-config="true" duration-ms="0" started-at="2018-03-20T23:24:45Z" finished-at="2018-03-20T23:24:45Z">
          <reporter-output>
          </reporter-output>
        </test-method> <!-- intiateDriver -->
        <test-method status="PASS" signature="BloglLink()[pri:5, instance:Chrome.ValidateHomepageLink_TEST@3ffc5af1]" name="BloglLink" duration-ms="3" started-at="2018-03-20T23:24:45Z" finished-at="2018-03-20T23:24:45Z">
          <reporter-output>
          </reporter-output>
        </test-method> <!-- BloglLink -->
        <test-method status="PASS" signature="contactlLink()[pri:6, instance:Chrome.ValidateHomepageLink_TEST@3ffc5af1]" name="contactlLink" duration-ms="3" started-at="2018-03-20T23:24:45Z" finished-at="2018-03-20T23:24:45Z">
          <reporter-output>
          </reporter-output>
        </test-method> <!-- contactlLink -->
        <test-method status="PASS" signature="intiateDriver()[pri:0, instance:Chrome.ValidateHomepageLink_TEST@3ffc5af1]" name="intiateDriver" is-config="true" duration-ms="0" started-at="2018-03-20T23:24:45Z" finished-at="2018-03-20T23:24:45Z">
          <reporter-output>
          </reporter-output>
        </test-method> <!-- intiateDriver -->
      </class> <!-- Chrome.ValidateHomepageLink_TEST -->
    </test> <!-- Default test -->
  </suite> <!-- Default suite -->
</testng-results>
